2026-05-22 05:39:41,464 DEBUG jupyter_bioacoustic.config_builder: load_config(annotator_config/projects/simple_examples_3b.yaml, file_type=None) cwd=/Users/brookie/code/dse/jupyter_bioacoustic/jupyter_bioacoustic/demo
2026-05-22 05:39:41,476 DEBUG jupyter_bioacoustic.config_builder: config ref=annotator_config/config/simple_examples_3b.yaml base_dir=annotator_config/projects resolved=annotator_config/config/simple_examples_3b.yaml
2026-05-22 05:39:41,478 DEBUG jupyter_bioacoustic.config_builder: load_config result: detected=project loaded_paths={'loaded': 'annotator_config/projects/simple_examples_3b.yaml', 'project': 'annotator_config/projects/simple_examples_3b.yaml', 'config': 'annotator_config/config/simple_examples_3b.yaml', 'form': 'annotator_config/forms/simple_examples-model_review.yaml'}
2026-05-22 05:39:41,479 INFO jupyter_bioacoustic.api: loading project file: annotator_config/projects/simple_examples_3b.yaml
2026-05-22 05:39:41,480 INFO jupyter_bioacoustic.api: loading nested config: annotator_config/config/simple_examples_3b.yaml
2026-05-22 05:39:41,781 INFO jupyter_bioacoustic.api: loading data: dtype=path source=data/annotate-data.csv
2026-05-22 05:39:41,785 INFO jupyter_bioacoustic.api: data loaded: 1500 rows, 13 columns
2026-05-22 05:39:41,785 INFO jupyter_bioacoustic.api: audio config resolved: type=url value=https://dse-soundhub.s3.us-west-2.amazonaws.com/public/audio/dev/20230522_200000
2026-05-22 05:39:41,785 INFO jupyter_bioacoustic.api: loading form config: annotator_config/forms/simple_examples-model_review.yaml
2026-05-22 05:39:42,082 DEBUG jupyter_bioacoustic.audio: read_segment: path=https://dse-soundhub.s3.us-west-2.amazonaws.com/public/audio/dev/20230522_200000 start=13804.0 dur=18.0 handler=jupyter_bioacoustic.audio.io_https
2026-05-22 05:39:42,150 DEBUG jupyter_bioacoustic.audio: HTTPS partial read: https://dse-soundhub.s3.us-west-2.amazonaws.com/public/audio/dev/20230522_200000  start=13804.0s dur=18.0s
2026-05-22 05:39:42,157 DEBUG jupyter_bioacoustic.audio: read_remote_partial: start=13804.0s dur=18.0s
2026-05-22 05:39:42,390 DEBUG jupyter_bioacoustic.audio: FLAC header: sr=48000 total_dur=14340.0s
2026-05-22 05:39:42,563 DEBUG jupyter_bioacoustic.audio: partial byte range: 786067401-787605421 (1.5MB)
2026-05-22 05:39:43,185 DEBUG jupyter_bioacoustic.audio: pydub extracted 18000ms (channels=1 sr=48000)
2026-05-22 05:39:43,187 DEBUG jupyter_bioacoustic.audio: HTTPS partial read succeeded: https://dse-soundhub.s3.us-west-2.amazonaws.com/public/audio/dev/20230522_200000
2026-05-22 05:39:45,543 DEBUG jupyter_bioacoustic.audio: read_segment: path=https://dse-soundhub.s3.us-west-2.amazonaws.com/public/audio/dev/20230522_200000 start=7291.0 dur=18.0 handler=jupyter_bioacoustic.audio.io_https
2026-05-22 05:39:45,543 DEBUG jupyter_bioacoustic.audio: HTTPS partial read: https://dse-soundhub.s3.us-west-2.amazonaws.com/public/audio/dev/20230522_200000  start=7291.0s dur=18.0s
2026-05-22 05:39:45,544 DEBUG jupyter_bioacoustic.audio: read_remote_partial: start=7291.0s dur=18.0s
2026-05-22 05:39:45,713 DEBUG jupyter_bioacoustic.audio: FLAC header: sr=48000 total_dur=14340.0s
2026-05-22 05:39:45,880 DEBUG jupyter_bioacoustic.audio: partial byte range: 415064117-416602137 (1.5MB)
2026-05-22 05:39:46,587 DEBUG jupyter_bioacoustic.audio: pydub extracted 18000ms (channels=1 sr=48000)
2026-05-22 05:39:46,588 DEBUG jupyter_bioacoustic.audio: HTTPS partial read succeeded: https://dse-soundhub.s3.us-west-2.amazonaws.com/public/audio/dev/20230522_200000
2026-05-22 05:39:49,276 DEBUG jupyter_bioacoustic.audio: read_segment: path=https://dse-soundhub.s3.us-west-2.amazonaws.com/public/audio/dev/20230522_200000 start=7291.0 dur=18.0 handler=jupyter_bioacoustic.audio.io_https
2026-05-22 05:39:49,276 DEBUG jupyter_bioacoustic.audio: HTTPS partial read: https://dse-soundhub.s3.us-west-2.amazonaws.com/public/audio/dev/20230522_200000  start=7291.0s dur=18.0s
2026-05-22 05:39:49,277 DEBUG jupyter_bioacoustic.audio: read_remote_partial: start=7291.0s dur=18.0s
2026-05-22 05:39:49,511 DEBUG jupyter_bioacoustic.audio: FLAC header: sr=48000 total_dur=14340.0s
2026-05-22 05:39:49,695 DEBUG jupyter_bioacoustic.audio: partial byte range: 415064117-416602137 (1.5MB)
2026-05-22 05:39:50,268 DEBUG jupyter_bioacoustic.audio: pydub extracted 18000ms (channels=1 sr=48000)
2026-05-22 05:39:50,269 DEBUG jupyter_bioacoustic.audio: HTTPS partial read succeeded: https://dse-soundhub.s3.us-west-2.amazonaws.com/public/audio/dev/20230522_200000
